
gui_open_db -file /home/gjorquer/ascensor/test_top/vcdplus.vpd -design V1
gui_list_expand -id  Hier.1   TOP_test_top
gui_list_select -id Hier.1 {  TOP_test_top   TOP_test_top.io   }
gui_open_window Wave
gui_list_add -id Wave.1 -from Hier.1 -after {New Group} { TOP_test_top.io } -insertionbar
gui_zoom -window Wave.1 -factor 0.5
gui_zoom -window Wave.1 -factor 0.5
gui_zoom -window Wave.1 -factor 0.5
gui_zoom -window Wave.1 -factor 0.5
gui_zoom -window Wave.1 -factor 0.5
gui_zoom -window Wave.1 -factor 0.5
gui_zoom -window Wave.1 -factor 0.5
gui_wv_zoom_timerange -id  Wave.1 0 34424
gui_wv_scroll_hslidermove -id  Wave.1 41
gui_wv_scroll_hslidermove -id  Wave.1 822
gui_wv_scroll_hslidermove -id  Wave.1 1192
gui_zoom -window Wave.1 -factor 0.5
gui_wv_scroll_hslidermove -id  Wave.1 1696
gui_list_expand -id  Wave.1   {TOP_test_top.io.botones[9:0]}
gui_list_collapse -id  Wave.1   {TOP_test_top.io.botones[9:0]}
gui_list_expand -id  Wave.1   {TOP_test_top.io.boton_puertas[1:0]}
gui_list_expand -id  Wave.1   {TOP_test_top.io.estado_puertas[1:0]}
gui_list_collapse -id  Wave.1   {TOP_test_top.io.estado_puertas[1:0]}
gui_list_collapse -id  Wave.1   {TOP_test_top.io.boton_puertas[1:0]}
gui_marker_move -id  Wave.1 C1 206500
gui_marker_move -id  Wave.1 C1 205500
gui_marker_move -id  Wave.1 C1 205500
gui_marker_move -id  Wave.1 C1 205500
gui_marker_move -id  Wave.1 C1 206500
gui_zoom -window Wave.1 -factor 2
gui_zoom -window Wave.1 -factor 2
gui_marker_move -id  Wave.1 C1 206500
gui_marker_move -id  Wave.1 C1 205500
gui_marker_move -id  Wave.1 C1 205940
gui_list_expand -id  Wave.1   {TOP_test_top.io.boton_puertas[1:0]}
gui_zoom -window Wave.1 -factor 0.5
gui_zoom -window Wave.1 -factor 0.5
gui_wv_scroll_hslidermove -id  Wave.1 2390
gui_marker_move -id  Wave.1 C1 248621
gui_clear_target_frame  TopLevel.2
